2024-12-31 6:47:16 - PHP Warning:  fopen(/www/wwwroot/leotard_demo/catalog/view/theme//stylesheet/bootstrap.css): failed to open stream: No such file or directory in /www/wwwroot/leotard_demo/catalog/controller/startup/sass.php on line 14
2024-12-31 6:47:16 - PHP Warning:  flock() expects parameter 1 to be resource, boolean given in /www/wwwroot/leotard_demo/catalog/controller/startup/sass.php on line 16
2024-12-31 6:47:16 - PHP Warning:  fwrite() expects parameter 1 to be resource, boolean given in /www/wwwroot/leotard_demo/catalog/controller/startup/sass.php on line 18
2024-12-31 6:47:16 - PHP Warning:  fflush() expects parameter 1 to be resource, boolean given in /www/wwwroot/leotard_demo/catalog/controller/startup/sass.php on line 20
2024-12-31 6:47:16 - PHP Warning:  flock() expects parameter 1 to be resource, boolean given in /www/wwwroot/leotard_demo/catalog/controller/startup/sass.php on line 22
2024-12-31 6:47:16 - PHP Warning:  fclose() expects parameter 1 to be resource, boolean given in /www/wwwroot/leotard_demo/catalog/controller/startup/sass.php on line 24
2024-12-31 6:52:29 - PHP Warning:  fopen(/www/wwwroot/leotard_demo/catalog/view/theme//stylesheet/bootstrap.css): failed to open stream: No such file or directory in /www/wwwroot/leotard_demo/catalog/controller/startup/sass.php on line 14
2024-12-31 6:52:29 - PHP Warning:  flock() expects parameter 1 to be resource, boolean given in /www/wwwroot/leotard_demo/catalog/controller/startup/sass.php on line 16
2024-12-31 6:52:29 - PHP Warning:  fwrite() expects parameter 1 to be resource, boolean given in /www/wwwroot/leotard_demo/catalog/controller/startup/sass.php on line 18
2024-12-31 6:52:29 - PHP Warning:  fflush() expects parameter 1 to be resource, boolean given in /www/wwwroot/leotard_demo/catalog/controller/startup/sass.php on line 20
2024-12-31 6:52:29 - PHP Warning:  flock() expects parameter 1 to be resource, boolean given in /www/wwwroot/leotard_demo/catalog/controller/startup/sass.php on line 22
2024-12-31 6:52:29 - PHP Warning:  fclose() expects parameter 1 to be resource, boolean given in /www/wwwroot/leotard_demo/catalog/controller/startup/sass.php on line 24
2024-12-31 6:52:32 - PHP Warning:  fopen(/www/wwwroot/leotard_demo/catalog/view/theme//stylesheet/bootstrap.css): failed to open stream: No such file or directory in /www/wwwroot/leotard_demo/catalog/controller/startup/sass.php on line 14
2024-12-31 6:52:32 - PHP Warning:  flock() expects parameter 1 to be resource, boolean given in /www/wwwroot/leotard_demo/catalog/controller/startup/sass.php on line 16
2024-12-31 6:52:32 - PHP Warning:  fwrite() expects parameter 1 to be resource, boolean given in /www/wwwroot/leotard_demo/catalog/controller/startup/sass.php on line 18
2024-12-31 6:52:32 - PHP Warning:  fflush() expects parameter 1 to be resource, boolean given in /www/wwwroot/leotard_demo/catalog/controller/startup/sass.php on line 20
2024-12-31 6:52:32 - PHP Warning:  flock() expects parameter 1 to be resource, boolean given in /www/wwwroot/leotard_demo/catalog/controller/startup/sass.php on line 22
2024-12-31 6:52:32 - PHP Warning:  fclose() expects parameter 1 to be resource, boolean given in /www/wwwroot/leotard_demo/catalog/controller/startup/sass.php on line 24
2024-12-31 6:53:30 - PHP Warning:  fopen(/www/wwwroot/leotard_demo/catalog/view/theme//stylesheet/bootstrap.css): failed to open stream: No such file or directory in /www/wwwroot/leotard_demo/catalog/controller/startup/sass.php on line 14
2024-12-31 6:53:30 - PHP Warning:  flock() expects parameter 1 to be resource, boolean given in /www/wwwroot/leotard_demo/catalog/controller/startup/sass.php on line 16
2024-12-31 6:53:30 - PHP Warning:  fwrite() expects parameter 1 to be resource, boolean given in /www/wwwroot/leotard_demo/catalog/controller/startup/sass.php on line 18
2024-12-31 6:53:30 - PHP Warning:  fflush() expects parameter 1 to be resource, boolean given in /www/wwwroot/leotard_demo/catalog/controller/startup/sass.php on line 20
2024-12-31 6:53:30 - PHP Warning:  flock() expects parameter 1 to be resource, boolean given in /www/wwwroot/leotard_demo/catalog/controller/startup/sass.php on line 22
2024-12-31 6:53:30 - PHP Warning:  fclose() expects parameter 1 to be resource, boolean given in /www/wwwroot/leotard_demo/catalog/controller/startup/sass.php on line 24
2024-12-31 6:53:30 - PHP Warning:  fopen(/www/wwwroot/leotard_demo/catalog/view/theme//stylesheet/bootstrap.css): failed to open stream: No such file or directory in /www/wwwroot/leotard_demo/catalog/controller/startup/sass.php on line 14
2024-12-31 6:53:30 - PHP Warning:  flock() expects parameter 1 to be resource, boolean given in /www/wwwroot/leotard_demo/catalog/controller/startup/sass.php on line 16
2024-12-31 6:53:30 - PHP Warning:  fwrite() expects parameter 1 to be resource, boolean given in /www/wwwroot/leotard_demo/catalog/controller/startup/sass.php on line 18
2024-12-31 6:53:30 - PHP Warning:  fflush() expects parameter 1 to be resource, boolean given in /www/wwwroot/leotard_demo/catalog/controller/startup/sass.php on line 20
2024-12-31 6:53:30 - PHP Warning:  flock() expects parameter 1 to be resource, boolean given in /www/wwwroot/leotard_demo/catalog/controller/startup/sass.php on line 22
2024-12-31 6:53:30 - PHP Warning:  fclose() expects parameter 1 to be resource, boolean given in /www/wwwroot/leotard_demo/catalog/controller/startup/sass.php on line 24
2024-12-31 6:53:30 - PHP Warning:  fopen(/www/wwwroot/leotard_demo/catalog/view/theme//stylesheet/bootstrap.css): failed to open stream: No such file or directory in /www/wwwroot/leotard_demo/catalog/controller/startup/sass.php on line 14
2024-12-31 6:53:30 - PHP Warning:  flock() expects parameter 1 to be resource, boolean given in /www/wwwroot/leotard_demo/catalog/controller/startup/sass.php on line 16
2024-12-31 6:53:30 - PHP Warning:  fwrite() expects parameter 1 to be resource, boolean given in /www/wwwroot/leotard_demo/catalog/controller/startup/sass.php on line 18
2024-12-31 6:53:30 - PHP Warning:  fflush() expects parameter 1 to be resource, boolean given in /www/wwwroot/leotard_demo/catalog/controller/startup/sass.php on line 20
2024-12-31 6:53:30 - PHP Warning:  flock() expects parameter 1 to be resource, boolean given in /www/wwwroot/leotard_demo/catalog/controller/startup/sass.php on line 22
2024-12-31 6:53:30 - PHP Warning:  fclose() expects parameter 1 to be resource, boolean given in /www/wwwroot/leotard_demo/catalog/controller/startup/sass.php on line 24
2024-12-31 6:53:31 - PHP Warning:  fopen(/www/wwwroot/leotard_demo/catalog/view/theme//stylesheet/bootstrap.css): failed to open stream: No such file or directory in /www/wwwroot/leotard_demo/catalog/controller/startup/sass.php on line 14
2024-12-31 6:53:31 - PHP Warning:  flock() expects parameter 1 to be resource, boolean given in /www/wwwroot/leotard_demo/catalog/controller/startup/sass.php on line 16
2024-12-31 6:53:31 - PHP Warning:  fwrite() expects parameter 1 to be resource, boolean given in /www/wwwroot/leotard_demo/catalog/controller/startup/sass.php on line 18
2024-12-31 6:53:31 - PHP Warning:  fflush() expects parameter 1 to be resource, boolean given in /www/wwwroot/leotard_demo/catalog/controller/startup/sass.php on line 20
2024-12-31 6:53:31 - PHP Warning:  flock() expects parameter 1 to be resource, boolean given in /www/wwwroot/leotard_demo/catalog/controller/startup/sass.php on line 22
2024-12-31 6:53:31 - PHP Warning:  fclose() expects parameter 1 to be resource, boolean given in /www/wwwroot/leotard_demo/catalog/controller/startup/sass.php on line 24
2024-12-31 6:53:31 - PHP Warning:  fopen(/www/wwwroot/leotard_demo/catalog/view/theme//stylesheet/bootstrap.css): failed to open stream: No such file or directory in /www/wwwroot/leotard_demo/catalog/controller/startup/sass.php on line 14
2024-12-31 6:53:31 - PHP Warning:  flock() expects parameter 1 to be resource, boolean given in /www/wwwroot/leotard_demo/catalog/controller/startup/sass.php on line 16
2024-12-31 6:53:31 - PHP Warning:  fwrite() expects parameter 1 to be resource, boolean given in /www/wwwroot/leotard_demo/catalog/controller/startup/sass.php on line 18
2024-12-31 6:53:31 - PHP Warning:  fflush() expects parameter 1 to be resource, boolean given in /www/wwwroot/leotard_demo/catalog/controller/startup/sass.php on line 20
2024-12-31 6:53:31 - PHP Warning:  flock() expects parameter 1 to be resource, boolean given in /www/wwwroot/leotard_demo/catalog/controller/startup/sass.php on line 22
2024-12-31 6:53:31 - PHP Warning:  fclose() expects parameter 1 to be resource, boolean given in /www/wwwroot/leotard_demo/catalog/controller/startup/sass.php on line 24
2024-12-31 6:53:31 - PHP Warning:  fopen(/www/wwwroot/leotard_demo/catalog/view/theme//stylesheet/bootstrap.css): failed to open stream: No such file or directory in /www/wwwroot/leotard_demo/catalog/controller/startup/sass.php on line 14
2024-12-31 6:53:31 - PHP Warning:  flock() expects parameter 1 to be resource, boolean given in /www/wwwroot/leotard_demo/catalog/controller/startup/sass.php on line 16
2024-12-31 6:53:31 - PHP Warning:  fwrite() expects parameter 1 to be resource, boolean given in /www/wwwroot/leotard_demo/catalog/controller/startup/sass.php on line 18
2024-12-31 6:53:31 - PHP Warning:  fflush() expects parameter 1 to be resource, boolean given in /www/wwwroot/leotard_demo/catalog/controller/startup/sass.php on line 20
2024-12-31 6:53:31 - PHP Warning:  flock() expects parameter 1 to be resource, boolean given in /www/wwwroot/leotard_demo/catalog/controller/startup/sass.php on line 22
2024-12-31 6:53:31 - PHP Warning:  fclose() expects parameter 1 to be resource, boolean given in /www/wwwroot/leotard_demo/catalog/controller/startup/sass.php on line 24
2024-12-31 6:53:31 - PHP Warning:  fopen(/www/wwwroot/leotard_demo/catalog/view/theme//stylesheet/bootstrap.css): failed to open stream: No such file or directory in /www/wwwroot/leotard_demo/catalog/controller/startup/sass.php on line 14
2024-12-31 6:53:31 - PHP Warning:  flock() expects parameter 1 to be resource, boolean given in /www/wwwroot/leotard_demo/catalog/controller/startup/sass.php on line 16
2024-12-31 6:53:31 - PHP Warning:  fwrite() expects parameter 1 to be resource, boolean given in /www/wwwroot/leotard_demo/catalog/controller/startup/sass.php on line 18
2024-12-31 6:53:31 - PHP Warning:  fflush() expects parameter 1 to be resource, boolean given in /www/wwwroot/leotard_demo/catalog/controller/startup/sass.php on line 20
2024-12-31 6:53:31 - PHP Warning:  flock() expects parameter 1 to be resource, boolean given in /www/wwwroot/leotard_demo/catalog/controller/startup/sass.php on line 22
2024-12-31 6:53:31 - PHP Warning:  fclose() expects parameter 1 to be resource, boolean given in /www/wwwroot/leotard_demo/catalog/controller/startup/sass.php on line 24
2024-12-31 6:57:33 - PHP Warning:  fopen(/www/wwwroot/leotard_demo/catalog/view/theme//stylesheet/bootstrap.css): failed to open stream: No such file or directory in /www/wwwroot/leotard_demo/catalog/controller/startup/sass.php on line 14
2024-12-31 6:57:33 - PHP Warning:  flock() expects parameter 1 to be resource, boolean given in /www/wwwroot/leotard_demo/catalog/controller/startup/sass.php on line 16
2024-12-31 6:57:33 - PHP Warning:  fwrite() expects parameter 1 to be resource, boolean given in /www/wwwroot/leotard_demo/catalog/controller/startup/sass.php on line 18
2024-12-31 6:57:33 - PHP Warning:  fflush() expects parameter 1 to be resource, boolean given in /www/wwwroot/leotard_demo/catalog/controller/startup/sass.php on line 20
2024-12-31 6:57:33 - PHP Warning:  flock() expects parameter 1 to be resource, boolean given in /www/wwwroot/leotard_demo/catalog/controller/startup/sass.php on line 22
2024-12-31 6:57:33 - PHP Warning:  fclose() expects parameter 1 to be resource, boolean given in /www/wwwroot/leotard_demo/catalog/controller/startup/sass.php on line 24
